<?xml version="1.0" encoding="UTF-8"?>
<!-- Generated by org.testng.reporters.JUnitReportReporter -->
<testsuite hostname="BHASKAR" failures="0" tests="1" name="restAssure.Post_RestAssured" time="4.183" errors="0" timestamp="2023-10-07T07:08:22 IST" skipped="0">
  <testcase classname="restAssure.Post_RestAssured" name="post" time="4.183"/>
  <system-out/>
</testsuite> <!-- restAssure.Post_RestAssured -->
