<?xml version="1.0" encoding="UTF-8"?>
<!-- Generated by org.testng.reporters.JUnitReportReporter -->
<testsuite hostname="BHASKAR" failures="0" tests="1" name="restAssure.Quary_Parameter" time="3.247" errors="0" timestamp="2023-10-07T07:21:53 IST" skipped="0">
  <testcase classname="restAssure.Quary_Parameter" name="QuaryParam" time="3.247"/>
  <system-out/>
</testsuite> <!-- restAssure.Quary_Parameter -->
