<?xml version="1.0" encoding="UTF-8"?>
<!-- Generated by org.testng.reporters.JUnitReportReporter -->
<testsuite hostname="BHASKAR" failures="0" tests="2" name="authentications.Basic_Auth" time="10.781" errors="0" timestamp="2023-08-21T16:34:08 IST" skipped="0">
  <testcase classname="authentications.Basic_Auth" name="digestAuth" time="5.005"/>
  <system-out/>
  <testcase classname="authentications.Basic_Auth" name="BasicAuth" time="5.776"/>
  <system-out/>
</testsuite> <!-- authentications.Basic_Auth -->
