<?xml version="1.0" encoding="UTF-8"?>
<!-- Generated by org.testng.reporters.JUnitReportReporter -->
<testsuite hostname="BHASKAR" failures="0" tests="1" name="restAssure.Put_ResrAssured" time="2.418" errors="0" timestamp="2023-10-07T07:16:28 IST" skipped="0">
  <testcase classname="restAssure.Put_ResrAssured" name="patch" time="2.418"/>
  <system-out/>
</testsuite> <!-- restAssure.Put_ResrAssured -->
