<?xml version="1.0" encoding="UTF-8"?>
<!-- Generated by org.testng.reporters.JUnitReportReporter -->
<testsuite hostname="BHASKAR" failures="0" tests="1" name="restAssure.Delete_RestAssured" time="2.152" errors="0" timestamp="2023-10-07T07:19:24 IST" skipped="0">
  <testcase classname="restAssure.Delete_RestAssured" name="delete" time="2.152"/>
  <system-out/>
</testsuite> <!-- restAssure.Delete_RestAssured -->
