<?xml version="1.0" encoding="UTF-8"?>
<!-- Generated by org.testng.reporters.JUnitReportReporter -->
<testsuite hostname="BHASKAR" failures="0" tests="1" name="restAssure.JsonMapper" time="3.054" errors="0" timestamp="2023-10-13T12:54:02 IST" skipped="0">
  <testcase classname="restAssure.JsonMapper" name="ObjectMapper" time="3.054"/>
  <system-out/>
</testsuite> <!-- restAssure.JsonMapper -->
