<?xml version="1.0" encoding="UTF-8"?>
<!-- Generated by org.testng.reporters.JUnitReportReporter -->
<testsuite hostname="BHASKAR" failures="0" tests="1" name="restAssure.RestAPI" time="2.884" errors="0" timestamp="2023-10-07T07:29:54 IST" skipped="0">
  <testcase classname="restAssure.RestAPI" name="APitesting" time="2.884"/>
  <system-out/>
</testsuite> <!-- restAssure.RestAPI -->
