<?xml version="1.0" encoding="UTF-8"?>
<!-- Generated by org.testng.reporters.JUnitReportReporter -->
<testsuite hostname="BHASKAR" failures="0" tests="1" name="sample.DemoRun" time="0.010" errors="0" timestamp="2023-04-14T11:16:37 IST" skipped="0">
  <testcase classname="sample.DemoRun" name="demoTest" time="0.010"/>
  <system-out/>
</testsuite> <!-- sample.DemoRun -->
