<?xml version="1.0" encoding="UTF-8"?>
<!-- Generated by org.testng.reporters.JUnitReportReporter -->
<testsuite hostname="BHASKAR" failures="0" tests="1" name="authentications.BearerToken" time="34.313" errors="0" timestamp="2023-09-06T16:15:21 IST" skipped="0">
  <testcase classname="authentications.BearerToken" name="Bearertoken" time="34.313"/>
  <system-out/>
</testsuite> <!-- authentications.BearerToken -->
