<?xml version="1.0" encoding="UTF-8"?>
<!-- Generated by org.testng.reporters.JUnitReportReporter -->
<testsuite hostname="BHASKAR" failures="0" tests="1" name="restAssure.Patch_RestAssured" time="3.053" errors="0" timestamp="2023-08-16T20:56:55 IST" skipped="0">
  <testcase classname="restAssure.Patch_RestAssured" name="patch" time="3.053"/>
  <system-out/>
</testsuite> <!-- restAssure.Patch_RestAssured -->
